[, , ] [,,,] - 2018-12-21 08:42:22.953  INFO 6776 --- [           main] trationDelegate$BeanPostProcessorChecker : Bean 'configurationPropertiesRebinderAutoConfiguration' of type [org.springframework.cloud.autoconfigure.ConfigurationPropertiesRebinderAutoConfiguration$$EnhancerBySpringCGLIB$$10297ebe] is not eligible for getting processed by all BeanPostProcessors (for example: not eligible for auto-proxying)
[, , ] [,,,] - 2018-12-21 08:42:23.416  INFO 6776 --- [           main] c.e.s.SleuthClientApplication            : No active profile set, falling back to default profiles: default
[, , ] [,,,] - 2018-12-21 08:42:24.005  INFO 6776 --- [           main] o.s.c.c.s.GenericScope                   : BeanFactory id=917572b7-1a86-35d5-a69e-6ab2ed28bbee
[, , ] [,,,] - 2018-12-21 08:42:24.214  INFO 6776 --- [           main] trationDelegate$BeanPostProcessorChecker : Bean 'org.springframework.cloud.autoconfigure.ConfigurationPropertiesRebinderAutoConfiguration' of type [org.springframework.cloud.autoconfigure.ConfigurationPropertiesRebinderAutoConfiguration$$EnhancerBySpringCGLIB$$10297ebe] is not eligible for getting processed by all BeanPostProcessors (for example: not eligible for auto-proxying)
[, , ] [,,,] - 2018-12-21 08:42:24.606  INFO 6776 --- [           main] o.s.b.w.e.t.TomcatWebServer              : Tomcat initialized with port(s): 8080 (http)
[, , ] [,,,] - 2018-12-21 08:42:24.627  INFO 6776 --- [           main] o.a.c.h.Http11NioProtocol                : Initializing ProtocolHandler ["http-nio-8080"]
[, , ] [,,,] - 2018-12-21 08:42:24.638  INFO 6776 --- [           main] o.a.c.c.StandardService                  : Starting service [Tomcat]
[, , ] [,,,] - 2018-12-21 08:42:24.638  INFO 6776 --- [           main] o.a.c.c.StandardEngine                   : Starting Servlet Engine: Apache Tomcat/9.0.13
[, , ] [,,,] - 2018-12-21 08:42:24.645  INFO 6776 --- [           main] o.a.c.c.AprLifecycleListener             : The APR based Apache Tomcat Native library which allows optimal performance in production environments was not found on the java.library.path: [C:\Program Files\Java\jdk1.8.0_144\bin;C:\Windows\Sun\Java\bin;C:\Windows\system32;C:\Windows;C:\Program Files (x86)\Common Files\Oracle\Java\javapath;C:\Program Files (x86)\Common Files\Intel\Shared Libraries\redist\intel64_win\compiler;C:\Program Files (x86)\Common Files\Intel\Shared Libraries\redist\intel64\compiler;C:\ProgramData\Oracle\Java\javapath;C:\Windows\system32;C:\Windows;C:\Windows\System32\Wbem;C:\Windows\System32\WindowsPowerShell\v1.0\;C:\Program Files (x86)\NVIDIA Corporation\PhysX\Common;C:\Users\housseine\AppData\Roaming\npm;C:\Program Files\MySQL\MySQL Utilities 1.6\;C:\Program Files\ibm\gsk8\lib64;C:\Program Files (x86)\ibm\gsk8\lib;C:\Program Files\nodejs\;C:\Program Files\Microsoft SQL Server\Client SDK\ODBC\110\Tools\Binn\;C:\Program Files (x86)\Microsoft SQL Server\120\Tools\Binn\;C:\Program Files\Microsoft SQL Server\120\Tools\Binn\;C:\Program Files\Microsoft SQL Server\120\DTS\Binn\;C:\Program Files (x86)\Microsoft SQL Server\120\Tools\Binn\ManagementStudio\;C:\Program Files (x86)\Microsoft SQL Server\120\DTS\Binn\;C:\Program Files (x86)\Yarn\bin\;C:\Program Files\Microsoft VS Code\bin;C:\Program Files\Microsoft VS Code\bin;C:\Users\housseine\AppData\Roaming\npm;C:\Users\housseine\AppData\Local\Yarn\bin;C:\Program Files (x86)\Yarn\bin;C:\Users\housseine\AppData\Local\Android\sdk\platform-tools;c:\Python27\;c:\Python27\Scripts\;.]
[, , ] [,,,] - 2018-12-21 08:42:24.770  INFO 6776 --- [           main] o.a.c.c.C.[.[.[/]                        : Initializing Spring embedded WebApplicationContext
[, , ] [,,,] - 2018-12-21 08:42:24.770  INFO 6776 --- [           main] o.s.w.c.ContextLoader                    : Root WebApplicationContext: initialization completed in 1343 ms
[, , ] [,,,] - 2018-12-21 08:42:25.584  INFO 6776 --- [           main] o.s.s.c.ThreadPoolTaskExecutor           : Initializing ExecutorService 'applicationTaskExecutor'
[, , ] [,,,] - 2018-12-21 08:42:26.357  INFO 6776 --- [           main] o.a.c.h.Http11NioProtocol                : Starting ProtocolHandler ["http-nio-8080"]
[, , ] [,,,] - 2018-12-21 08:42:26.368  INFO 6776 --- [           main] o.a.t.u.n.NioSelectorPool                : Using a shared selector for servlet write/read
[, , ] [,,,] - 2018-12-21 08:42:26.382  INFO 6776 --- [           main] o.s.b.w.e.t.TomcatWebServer              : Tomcat started on port(s): 8080 (http) with context path ''
[, , ] [,,,] - 2018-12-21 08:42:26.385  INFO 6776 --- [           main] c.e.s.SleuthClientApplication            : Started SleuthClientApplication in 4.395 seconds (JVM running for 5.547)
[, , ] [,,,] - 2018-12-21 08:45:24.123  INFO 6776 --- [nio-8080-exec-1] o.a.c.c.C.[.[.[/]                        : Initializing Spring DispatcherServlet 'dispatcherServlet'
[, , ] [,,,] - 2018-12-21 08:45:24.123  INFO 6776 --- [nio-8080-exec-1] o.s.w.s.DispatcherServlet                : Initializing Servlet 'dispatcherServlet'
[, , ] [,,,] - 2018-12-21 08:45:24.138  INFO 6776 --- [nio-8080-exec-1] o.s.w.s.DispatcherServlet                : Completed initialization in 15 ms
[, , ] [57008f6a1972cb82,57008f6a1972cb82,,false] - 2018-12-21 08:45:24.160  INFO 6776 --- [nio-8080-exec-1] c.e.s.i.MyInterceptor                    : This is an info message
[, , ] [57008f6a1972cb82,57008f6a1972cb82,,false] - 2018-12-21 08:45:24.162  INFO 6776 --- [nio-8080-exec-1] c.e.s.i.MyInterceptor                    : Request URL::http://localhost:8080/hello/client/:: Start Time=2018-12-21T08:45:24.161Z
[200, 2, http://localhost:8080/hello/client/] [57008f6a1972cb82,57008f6a1972cb82,,false] - 2018-12-21 08:45:24.168  INFO 6776 --- [nio-8080-exec-1] c.e.s.c.MainController                   : before calling the server
[200, 2, http://localhost:8080/hello/client/] [57008f6a1972cb82,57008f6a1972cb82,,false] - 2018-12-21 08:45:24.312  INFO 6776 --- [nio-8080-exec-1] c.e.s.c.MainController                   : after calling the server
[200, 2, http://localhost:8080/hello/client/] [57008f6a1972cb82,57008f6a1972cb82,,false] - 2018-12-21 08:45:24.327  WARN 6776 --- [nio-8080-exec-1] c.e.s.i.MyInterceptor                    : This is a warn message
[200, 2, http://localhost:8080/hello/client/] [57008f6a1972cb82,57008f6a1972cb82,,false] - 2018-12-21 08:45:24.327 ERROR 6776 --- [nio-8080-exec-1] c.e.s.i.MyInterceptor                    : This is an error message
[200, 2, http://localhost:8080/hello/client/] [57008f6a1972cb82,57008f6a1972cb82,,false] - 2018-12-21 08:45:24.328  WARN 6776 --- [nio-8080-exec-1] c.e.s.i.MyInterceptor                    : This is a afterCompletion message
[200, 2, http://localhost:8080/hello/client/] [57008f6a1972cb82,57008f6a1972cb82,,false] - 2018-12-21 08:45:24.328  INFO 6776 --- [nio-8080-exec-1] c.e.s.i.MyInterceptor                    : Request URL::http://localhost:8080/hello/client/:: Time Taken=168
[, , ] [6180a62c4ad7d2a0,6180a62c4ad7d2a0,,false] - 2018-12-21 08:49:01.538  INFO 6776 --- [nio-8080-exec-4] c.e.s.i.MyInterceptor                    : This is an info message
[, , ] [6180a62c4ad7d2a0,6180a62c4ad7d2a0,,false] - 2018-12-21 08:49:01.538  INFO 6776 --- [nio-8080-exec-4] c.e.s.i.MyInterceptor                    : Request URL::http://localhost:8080/hello/123:: Start Time=2018-12-21T08:49:01.538Z
[200, 0, http://localhost:8080/hello/123] [6180a62c4ad7d2a0,6180a62c4ad7d2a0,,false] - 2018-12-21 08:49:01.540  WARN 6776 --- [nio-8080-exec-4] c.e.s.i.MyInterceptor                    : This is a warn message
[200, 0, http://localhost:8080/hello/123] [6180a62c4ad7d2a0,6180a62c4ad7d2a0,,false] - 2018-12-21 08:49:01.540 ERROR 6776 --- [nio-8080-exec-4] c.e.s.i.MyInterceptor                    : This is an error message
[200, 0, http://localhost:8080/hello/123] [6180a62c4ad7d2a0,6180a62c4ad7d2a0,,false] - 2018-12-21 08:49:01.540  WARN 6776 --- [nio-8080-exec-4] c.e.s.i.MyInterceptor                    : This is a afterCompletion message
[200, 0, http://localhost:8080/hello/123] [6180a62c4ad7d2a0,6180a62c4ad7d2a0,,false] - 2018-12-21 08:49:01.540  INFO 6776 --- [nio-8080-exec-4] c.e.s.i.MyInterceptor                    : Request URL::http://localhost:8080/hello/123:: Time Taken=2
[200, 0, http://localhost:8080/hello/123] [6180a62c4ad7d2a0,6180a62c4ad7d2a0,,false] - 2018-12-21 08:49:01.554  INFO 6776 --- [nio-8080-exec-4] c.e.s.i.MyInterceptor                    : This is an info message
[200, 0, http://localhost:8080/hello/123] [6180a62c4ad7d2a0,6180a62c4ad7d2a0,,false] - 2018-12-21 08:49:01.554  INFO 6776 --- [nio-8080-exec-4] c.e.s.i.MyInterceptor                    : Request URL::http://localhost:8080/error:: Start Time=2018-12-21T08:49:01.554Z
[404, 1, http://localhost:8080/error] [6180a62c4ad7d2a0,6180a62c4ad7d2a0,,false] - 2018-12-21 08:49:01.566  WARN 6776 --- [nio-8080-exec-4] c.e.s.i.MyInterceptor                    : This is a warn message
[404, 1, http://localhost:8080/error] [6180a62c4ad7d2a0,6180a62c4ad7d2a0,,false] - 2018-12-21 08:49:01.566 ERROR 6776 --- [nio-8080-exec-4] c.e.s.i.MyInterceptor                    : This is an error message
[404, 1, http://localhost:8080/error] [6180a62c4ad7d2a0,6180a62c4ad7d2a0,,false] - 2018-12-21 08:49:01.608  WARN 6776 --- [nio-8080-exec-4] c.e.s.i.MyInterceptor                    : This is a afterCompletion message
[404, 1, http://localhost:8080/error] [6180a62c4ad7d2a0,6180a62c4ad7d2a0,,false] - 2018-12-21 08:49:01.608  INFO 6776 --- [nio-8080-exec-4] c.e.s.i.MyInterceptor                    : Request URL::http://localhost:8080/error:: Time Taken=54
[, , ] [,,,] - 2018-12-21 08:54:44.110  INFO 6776 --- [on(2)-127.0.0.1] inMXBeanRegistrar$SpringApplicationAdmin : Application shutdown requested.
[, , ] [,,,] - 2018-12-21 08:54:44.114  INFO 6776 --- [on(2)-127.0.0.1] o.s.s.c.ThreadPoolTaskExecutor           : Shutting down ExecutorService 'applicationTaskExecutor'
[, , ] [,,,] - 2018-12-21 08:54:44.116  INFO 6776 --- [on(2)-127.0.0.1] o.a.c.h.Http11NioProtocol                : Pausing ProtocolHandler ["http-nio-8080"]
[, , ] [,,,] - 2018-12-21 08:54:44.264  INFO 6776 --- [on(2)-127.0.0.1] o.a.c.c.StandardService                  : Stopping service [Tomcat]
[, , ] [,,,] - 2018-12-21 08:54:44.266  INFO 6776 --- [on(2)-127.0.0.1] o.a.c.c.C.[.[.[/]                        : Destroying Spring FrameworkServlet 'dispatcherServlet'
[, , ] [,,,] - 2018-12-21 08:54:44.272  INFO 6776 --- [on(2)-127.0.0.1] o.a.c.h.Http11NioProtocol                : Stopping ProtocolHandler ["http-nio-8080"]
[, , ] [,,,] - 2018-12-21 08:54:44.277  INFO 6776 --- [on(2)-127.0.0.1] o.a.c.h.Http11NioProtocol                : Destroying ProtocolHandler ["http-nio-8080"]
[, , ] [,,,] - 2018-12-21 08:55:08.074  INFO 3884 --- [           main] trationDelegate$BeanPostProcessorChecker : Bean 'configurationPropertiesRebinderAutoConfiguration' of type [org.springframework.cloud.autoconfigure.ConfigurationPropertiesRebinderAutoConfiguration$$EnhancerBySpringCGLIB$$43cf7bcf] is not eligible for getting processed by all BeanPostProcessors (for example: not eligible for auto-proxying)
[, , ] [,,,] - 2018-12-21 08:55:08.539  INFO 3884 --- [           main] c.e.s.SleuthClientApplication            : No active profile set, falling back to default profiles: default
[, , ] [,,,] - 2018-12-21 08:55:09.088  INFO 3884 --- [           main] o.s.c.c.s.GenericScope                   : BeanFactory id=917572b7-1a86-35d5-a69e-6ab2ed28bbee
[, , ] [,,,] - 2018-12-21 08:55:09.295  INFO 3884 --- [           main] trationDelegate$BeanPostProcessorChecker : Bean 'org.springframework.cloud.autoconfigure.ConfigurationPropertiesRebinderAutoConfiguration' of type [org.springframework.cloud.autoconfigure.ConfigurationPropertiesRebinderAutoConfiguration$$EnhancerBySpringCGLIB$$43cf7bcf] is not eligible for getting processed by all BeanPostProcessors (for example: not eligible for auto-proxying)
[, , ] [,,,] - 2018-12-21 08:55:09.688  INFO 3884 --- [           main] o.s.b.w.e.t.TomcatWebServer              : Tomcat initialized with port(s): 8080 (http)
[, , ] [,,,] - 2018-12-21 08:55:09.708  INFO 3884 --- [           main] o.a.c.h.Http11NioProtocol                : Initializing ProtocolHandler ["http-nio-8080"]
[, , ] [,,,] - 2018-12-21 08:55:09.721  INFO 3884 --- [           main] o.a.c.c.StandardService                  : Starting service [Tomcat]
[, , ] [,,,] - 2018-12-21 08:55:09.722  INFO 3884 --- [           main] o.a.c.c.StandardEngine                   : Starting Servlet Engine: Apache Tomcat/9.0.13
[, , ] [,,,] - 2018-12-21 08:55:09.729  INFO 3884 --- [           main] o.a.c.c.AprLifecycleListener             : The APR based Apache Tomcat Native library which allows optimal performance in production environments was not found on the java.library.path: [C:\Program Files\Java\jdk1.8.0_144\bin;C:\Windows\Sun\Java\bin;C:\Windows\system32;C:\Windows;C:\Program Files (x86)\Common Files\Oracle\Java\javapath;C:\Program Files (x86)\Common Files\Intel\Shared Libraries\redist\intel64_win\compiler;C:\Program Files (x86)\Common Files\Intel\Shared Libraries\redist\intel64\compiler;C:\ProgramData\Oracle\Java\javapath;C:\Windows\system32;C:\Windows;C:\Windows\System32\Wbem;C:\Windows\System32\WindowsPowerShell\v1.0\;C:\Program Files (x86)\NVIDIA Corporation\PhysX\Common;C:\Users\housseine\AppData\Roaming\npm;C:\Program Files\MySQL\MySQL Utilities 1.6\;C:\Program Files\ibm\gsk8\lib64;C:\Program Files (x86)\ibm\gsk8\lib;C:\Program Files\nodejs\;C:\Program Files\Microsoft SQL Server\Client SDK\ODBC\110\Tools\Binn\;C:\Program Files (x86)\Microsoft SQL Server\120\Tools\Binn\;C:\Program Files\Microsoft SQL Server\120\Tools\Binn\;C:\Program Files\Microsoft SQL Server\120\DTS\Binn\;C:\Program Files (x86)\Microsoft SQL Server\120\Tools\Binn\ManagementStudio\;C:\Program Files (x86)\Microsoft SQL Server\120\DTS\Binn\;C:\Program Files (x86)\Yarn\bin\;C:\Program Files\Microsoft VS Code\bin;C:\Program Files\Microsoft VS Code\bin;C:\Users\housseine\AppData\Roaming\npm;C:\Users\housseine\AppData\Local\Yarn\bin;C:\Program Files (x86)\Yarn\bin;C:\Users\housseine\AppData\Local\Android\sdk\platform-tools;c:\Python27\;c:\Python27\Scripts\;.]
[, , ] [,,,] - 2018-12-21 08:55:09.866  INFO 3884 --- [           main] o.a.c.c.C.[.[.[/]                        : Initializing Spring embedded WebApplicationContext
[, , ] [,,,] - 2018-12-21 08:55:09.866  INFO 3884 --- [           main] o.s.w.c.ContextLoader                    : Root WebApplicationContext: initialization completed in 1316 ms
[, , ] [,,,] - 2018-12-21 08:55:10.661  INFO 3884 --- [           main] o.s.s.c.ThreadPoolTaskExecutor           : Initializing ExecutorService 'applicationTaskExecutor'
[, , ] [,,,] - 2018-12-21 08:55:11.452  INFO 3884 --- [           main] o.a.c.h.Http11NioProtocol                : Starting ProtocolHandler ["http-nio-8080"]
[, , ] [,,,] - 2018-12-21 08:55:11.463  INFO 3884 --- [           main] o.a.t.u.n.NioSelectorPool                : Using a shared selector for servlet write/read
[, , ] [,,,] - 2018-12-21 08:55:11.476  INFO 3884 --- [           main] o.s.b.w.e.t.TomcatWebServer              : Tomcat started on port(s): 8080 (http) with context path ''
[, , ] [,,,] - 2018-12-21 08:55:11.479  INFO 3884 --- [           main] c.e.s.SleuthClientApplication            : Started SleuthClientApplication in 4.382 seconds (JVM running for 5.461)
[, , ] [,,,] - 2018-12-21 08:55:49.530  INFO 3884 --- [nio-8080-exec-1] o.a.c.c.C.[.[.[/]                        : Initializing Spring DispatcherServlet 'dispatcherServlet'
[, , ] [,,,] - 2018-12-21 08:55:49.530  INFO 3884 --- [nio-8080-exec-1] o.s.w.s.DispatcherServlet                : Initializing Servlet 'dispatcherServlet'
[, , ] [,,,] - 2018-12-21 08:55:49.545  INFO 3884 --- [nio-8080-exec-1] o.s.w.s.DispatcherServlet                : Completed initialization in 15 ms
[, , ] [1ca07c097d6c4967,1ca07c097d6c4967,,false] - 2018-12-21 08:55:49.568  INFO 3884 --- [nio-8080-exec-1] c.e.s.i.MyInterceptor                    : This is an info message
[, , ] [1ca07c097d6c4967,1ca07c097d6c4967,,false] - 2018-12-21 08:55:49.571  INFO 3884 --- [nio-8080-exec-1] c.e.s.i.MyInterceptor                    : Request URL::http://localhost:8080/hello/client/:: Start Time=2018-12-21T08:55:49.570Z
[200, , http://localhost:8080/hello/client/] [1ca07c097d6c4967,1ca07c097d6c4967,,false] - 2018-12-21 08:55:49.577  INFO 3884 --- [nio-8080-exec-1] c.e.s.c.MainController                   : before calling the server
[200, , http://localhost:8080/hello/client/] [1ca07c097d6c4967,1ca07c097d6c4967,,false] - 2018-12-21 08:55:49.625  INFO 3884 --- [nio-8080-exec-1] c.e.s.c.MainController                   : after calling the server
[200, , http://localhost:8080/hello/client/] [1ca07c097d6c4967,1ca07c097d6c4967,,false] - 2018-12-21 08:55:49.639  WARN 3884 --- [nio-8080-exec-1] c.e.s.i.MyInterceptor                    : This is a warn message
[200, , http://localhost:8080/hello/client/] [1ca07c097d6c4967,1ca07c097d6c4967,,false] - 2018-12-21 08:55:49.639 ERROR 3884 --- [nio-8080-exec-1] c.e.s.i.MyInterceptor                    : This is an error message
[200, , http://localhost:8080/hello/client/] [1ca07c097d6c4967,1ca07c097d6c4967,,false] - 2018-12-21 08:55:49.640  WARN 3884 --- [nio-8080-exec-1] c.e.s.i.MyInterceptor                    : This is a afterCompletion message
[200, , http://localhost:8080/hello/client/] [1ca07c097d6c4967,1ca07c097d6c4967,,false] - 2018-12-21 08:55:49.640  INFO 3884 --- [nio-8080-exec-1] c.e.s.i.MyInterceptor                    : Request URL::http://localhost:8080/hello/client/:: Time Taken=71
[, , ] [,,,] - 2018-12-21 08:57:08.802  INFO 3884 --- [on(2)-127.0.0.1] inMXBeanRegistrar$SpringApplicationAdmin : Application shutdown requested.
[, , ] [,,,] - 2018-12-21 08:57:08.805  INFO 3884 --- [on(2)-127.0.0.1] o.s.s.c.ThreadPoolTaskExecutor           : Shutting down ExecutorService 'applicationTaskExecutor'
[, , ] [,,,] - 2018-12-21 08:57:08.808  INFO 3884 --- [on(2)-127.0.0.1] o.a.c.h.Http11NioProtocol                : Pausing ProtocolHandler ["http-nio-8080"]
[, , ] [,,,] - 2018-12-21 08:57:08.953  INFO 3884 --- [on(2)-127.0.0.1] o.a.c.c.StandardService                  : Stopping service [Tomcat]
[, , ] [,,,] - 2018-12-21 08:57:08.955  INFO 3884 --- [on(2)-127.0.0.1] o.a.c.c.C.[.[.[/]                        : Destroying Spring FrameworkServlet 'dispatcherServlet'
[, , ] [,,,] - 2018-12-21 08:57:08.961  INFO 3884 --- [on(2)-127.0.0.1] o.a.c.h.Http11NioProtocol                : Stopping ProtocolHandler ["http-nio-8080"]
[, , ] [,,,] - 2018-12-21 08:57:08.965  INFO 3884 --- [on(2)-127.0.0.1] o.a.c.h.Http11NioProtocol                : Destroying ProtocolHandler ["http-nio-8080"]
[, , ] [,,,] - 2018-12-21 08:57:12.784  INFO 8916 --- [           main] trationDelegate$BeanPostProcessorChecker : Bean 'configurationPropertiesRebinderAutoConfiguration' of type [org.springframework.cloud.autoconfigure.ConfigurationPropertiesRebinderAutoConfiguration$$EnhancerBySpringCGLIB$$167269fd] is not eligible for getting processed by all BeanPostProcessors (for example: not eligible for auto-proxying)
[, , ] [,,,] - 2018-12-21 08:57:13.227  INFO 8916 --- [           main] c.e.s.SleuthClientApplication            : No active profile set, falling back to default profiles: default
[, , ] [,,,] - 2018-12-21 08:57:13.775  INFO 8916 --- [           main] o.s.c.c.s.GenericScope                   : BeanFactory id=917572b7-1a86-35d5-a69e-6ab2ed28bbee
[, , ] [,,,] - 2018-12-21 08:57:13.984  INFO 8916 --- [           main] trationDelegate$BeanPostProcessorChecker : Bean 'org.springframework.cloud.autoconfigure.ConfigurationPropertiesRebinderAutoConfiguration' of type [org.springframework.cloud.autoconfigure.ConfigurationPropertiesRebinderAutoConfiguration$$EnhancerBySpringCGLIB$$167269fd] is not eligible for getting processed by all BeanPostProcessors (for example: not eligible for auto-proxying)
[, , ] [,,,] - 2018-12-21 08:57:14.367  INFO 8916 --- [           main] o.s.b.w.e.t.TomcatWebServer              : Tomcat initialized with port(s): 8080 (http)
[, , ] [,,,] - 2018-12-21 08:57:14.387  INFO 8916 --- [           main] o.a.c.h.Http11NioProtocol                : Initializing ProtocolHandler ["http-nio-8080"]
[, , ] [,,,] - 2018-12-21 08:57:14.398  INFO 8916 --- [           main] o.a.c.c.StandardService                  : Starting service [Tomcat]
[, , ] [,,,] - 2018-12-21 08:57:14.399  INFO 8916 --- [           main] o.a.c.c.StandardEngine                   : Starting Servlet Engine: Apache Tomcat/9.0.13
[, , ] [,,,] - 2018-12-21 08:57:14.406  INFO 8916 --- [           main] o.a.c.c.AprLifecycleListener             : The APR based Apache Tomcat Native library which allows optimal performance in production environments was not found on the java.library.path: [C:\Program Files\Java\jdk1.8.0_144\bin;C:\Windows\Sun\Java\bin;C:\Windows\system32;C:\Windows;C:\Program Files (x86)\Common Files\Oracle\Java\javapath;C:\Program Files (x86)\Common Files\Intel\Shared Libraries\redist\intel64_win\compiler;C:\Program Files (x86)\Common Files\Intel\Shared Libraries\redist\intel64\compiler;C:\ProgramData\Oracle\Java\javapath;C:\Windows\system32;C:\Windows;C:\Windows\System32\Wbem;C:\Windows\System32\WindowsPowerShell\v1.0\;C:\Program Files (x86)\NVIDIA Corporation\PhysX\Common;C:\Users\housseine\AppData\Roaming\npm;C:\Program Files\MySQL\MySQL Utilities 1.6\;C:\Program Files\ibm\gsk8\lib64;C:\Program Files (x86)\ibm\gsk8\lib;C:\Program Files\nodejs\;C:\Program Files\Microsoft SQL Server\Client SDK\ODBC\110\Tools\Binn\;C:\Program Files (x86)\Microsoft SQL Server\120\Tools\Binn\;C:\Program Files\Microsoft SQL Server\120\Tools\Binn\;C:\Program Files\Microsoft SQL Server\120\DTS\Binn\;C:\Program Files (x86)\Microsoft SQL Server\120\Tools\Binn\ManagementStudio\;C:\Program Files (x86)\Microsoft SQL Server\120\DTS\Binn\;C:\Program Files (x86)\Yarn\bin\;C:\Program Files\Microsoft VS Code\bin;C:\Program Files\Microsoft VS Code\bin;C:\Users\housseine\AppData\Roaming\npm;C:\Users\housseine\AppData\Local\Yarn\bin;C:\Program Files (x86)\Yarn\bin;C:\Users\housseine\AppData\Local\Android\sdk\platform-tools;c:\Python27\;c:\Python27\Scripts\;.]
[, , ] [,,,] - 2018-12-21 08:57:14.553  INFO 8916 --- [           main] o.a.c.c.C.[.[.[/]                        : Initializing Spring embedded WebApplicationContext
[, , ] [,,,] - 2018-12-21 08:57:14.553  INFO 8916 --- [           main] o.s.w.c.ContextLoader                    : Root WebApplicationContext: initialization completed in 1315 ms
[, , ] [,,,] - 2018-12-21 08:57:15.348  INFO 8916 --- [           main] o.s.s.c.ThreadPoolTaskExecutor           : Initializing ExecutorService 'applicationTaskExecutor'
[, , ] [,,,] - 2018-12-21 08:57:16.118  INFO 8916 --- [           main] o.a.c.h.Http11NioProtocol                : Starting ProtocolHandler ["http-nio-8080"]
[, , ] [,,,] - 2018-12-21 08:57:16.129  INFO 8916 --- [           main] o.a.t.u.n.NioSelectorPool                : Using a shared selector for servlet write/read
[, , ] [,,,] - 2018-12-21 08:57:16.144  INFO 8916 --- [           main] o.s.b.w.e.t.TomcatWebServer              : Tomcat started on port(s): 8080 (http) with context path ''
[, , ] [,,,] - 2018-12-21 08:57:16.146  INFO 8916 --- [           main] c.e.s.SleuthClientApplication            : Started SleuthClientApplication in 4.255 seconds (JVM running for 5.348)
[, , ] [,,,] - 2018-12-21 08:57:42.152  INFO 8916 --- [nio-8080-exec-1] o.a.c.c.C.[.[.[/]                        : Initializing Spring DispatcherServlet 'dispatcherServlet'
[, , ] [,,,] - 2018-12-21 08:57:42.152  INFO 8916 --- [nio-8080-exec-1] o.s.w.s.DispatcherServlet                : Initializing Servlet 'dispatcherServlet'
[, , ] [,,,] - 2018-12-21 08:57:42.165  INFO 8916 --- [nio-8080-exec-1] o.s.w.s.DispatcherServlet                : Completed initialization in 12 ms
[, , ] [7d9776f85162e716,7d9776f85162e716,,false] - 2018-12-21 08:57:42.186  INFO 8916 --- [nio-8080-exec-1] c.e.s.i.MyInterceptor                    : This is an info message
[, , ] [7d9776f85162e716,7d9776f85162e716,,false] - 2018-12-21 08:57:42.188  INFO 8916 --- [nio-8080-exec-1] c.e.s.i.MyInterceptor                    : Request URL::http://localhost:8080/hello/client/:: Start Time=2018-12-21T08:57:42.187Z
[200, , http://localhost:8080/hello/client/] [7d9776f85162e716,7d9776f85162e716,,false] - 2018-12-21 08:57:42.194  INFO 8916 --- [nio-8080-exec-1] c.e.s.c.MainController                   : before calling the server
[200, , http://localhost:8080/hello/client/] [7d9776f85162e716,7d9776f85162e716,,false] - 2018-12-21 08:57:42.239  INFO 8916 --- [nio-8080-exec-1] c.e.s.c.MainController                   : after calling the server
[200, , http://localhost:8080/hello/client/] [7d9776f85162e716,7d9776f85162e716,,false] - 2018-12-21 08:57:42.254  WARN 8916 --- [nio-8080-exec-1] c.e.s.i.MyInterceptor                    : This is a warn message
[200, , http://localhost:8080/hello/client/] [7d9776f85162e716,7d9776f85162e716,,false] - 2018-12-21 08:57:42.254 ERROR 8916 --- [nio-8080-exec-1] c.e.s.i.MyInterceptor                    : This is an error message
[200, , http://localhost:8080/hello/client/] [7d9776f85162e716,7d9776f85162e716,,false] - 2018-12-21 08:57:42.254  WARN 8916 --- [nio-8080-exec-1] c.e.s.i.MyInterceptor                    : This is a afterCompletion message
[200, , http://localhost:8080/hello/client/] [7d9776f85162e716,7d9776f85162e716,,false] - 2018-12-21 08:57:42.255  INFO 8916 --- [nio-8080-exec-1] c.e.s.i.MyInterceptor                    : Request URL::http://localhost:8080/hello/client/:: Time Taken=68
[, , ] [,,,] - 2018-12-21 08:58:43.555  INFO 8916 --- [on(2)-127.0.0.1] inMXBeanRegistrar$SpringApplicationAdmin : Application shutdown requested.
[, , ] [,,,] - 2018-12-21 08:58:43.558  INFO 8916 --- [on(2)-127.0.0.1] o.s.s.c.ThreadPoolTaskExecutor           : Shutting down ExecutorService 'applicationTaskExecutor'
[, , ] [,,,] - 2018-12-21 08:58:43.561  INFO 8916 --- [on(2)-127.0.0.1] o.a.c.h.Http11NioProtocol                : Pausing ProtocolHandler ["http-nio-8080"]
[, , ] [,,,] - 2018-12-21 08:58:43.718  INFO 8916 --- [on(2)-127.0.0.1] o.a.c.c.StandardService                  : Stopping service [Tomcat]
[, , ] [,,,] - 2018-12-21 08:58:43.720  INFO 8916 --- [on(2)-127.0.0.1] o.a.c.c.C.[.[.[/]                        : Destroying Spring FrameworkServlet 'dispatcherServlet'
[, , ] [,,,] - 2018-12-21 08:58:43.726  INFO 8916 --- [on(2)-127.0.0.1] o.a.c.h.Http11NioProtocol                : Stopping ProtocolHandler ["http-nio-8080"]
[, , ] [,,,] - 2018-12-21 08:58:43.730  INFO 8916 --- [on(2)-127.0.0.1] o.a.c.h.Http11NioProtocol                : Destroying ProtocolHandler ["http-nio-8080"]
[, , ] [,,,] - 2018-12-21 08:58:47.683  INFO 3408 --- [           main] trationDelegate$BeanPostProcessorChecker : Bean 'configurationPropertiesRebinderAutoConfiguration' of type [org.springframework.cloud.autoconfigure.ConfigurationPropertiesRebinderAutoConfiguration$$EnhancerBySpringCGLIB$$88923d02] is not eligible for getting processed by all BeanPostProcessors (for example: not eligible for auto-proxying)
[, , ] [,,,] - 2018-12-21 08:58:48.131  INFO 3408 --- [           main] c.e.s.SleuthClientApplication            : No active profile set, falling back to default profiles: default
[, , ] [,,,] - 2018-12-21 08:58:48.779  INFO 3408 --- [           main] o.s.c.c.s.GenericScope                   : BeanFactory id=917572b7-1a86-35d5-a69e-6ab2ed28bbee
[, , ] [,,,] - 2018-12-21 08:58:48.992  INFO 3408 --- [           main] trationDelegate$BeanPostProcessorChecker : Bean 'org.springframework.cloud.autoconfigure.ConfigurationPropertiesRebinderAutoConfiguration' of type [org.springframework.cloud.autoconfigure.ConfigurationPropertiesRebinderAutoConfiguration$$EnhancerBySpringCGLIB$$88923d02] is not eligible for getting processed by all BeanPostProcessors (for example: not eligible for auto-proxying)
[, , ] [,,,] - 2018-12-21 08:58:49.393  INFO 3408 --- [           main] o.s.b.w.e.t.TomcatWebServer              : Tomcat initialized with port(s): 8080 (http)
[, , ] [,,,] - 2018-12-21 08:58:49.413  INFO 3408 --- [           main] o.a.c.h.Http11NioProtocol                : Initializing ProtocolHandler ["http-nio-8080"]
[, , ] [,,,] - 2018-12-21 08:58:49.426  INFO 3408 --- [           main] o.a.c.c.StandardService                  : Starting service [Tomcat]
[, , ] [,,,] - 2018-12-21 08:58:49.426  INFO 3408 --- [           main] o.a.c.c.StandardEngine                   : Starting Servlet Engine: Apache Tomcat/9.0.13
[, , ] [,,,] - 2018-12-21 08:58:49.433  INFO 3408 --- [           main] o.a.c.c.AprLifecycleListener             : The APR based Apache Tomcat Native library which allows optimal performance in production environments was not found on the java.library.path: [C:\Program Files\Java\jdk1.8.0_144\bin;C:\Windows\Sun\Java\bin;C:\Windows\system32;C:\Windows;C:\Program Files (x86)\Common Files\Oracle\Java\javapath;C:\Program Files (x86)\Common Files\Intel\Shared Libraries\redist\intel64_win\compiler;C:\Program Files (x86)\Common Files\Intel\Shared Libraries\redist\intel64\compiler;C:\ProgramData\Oracle\Java\javapath;C:\Windows\system32;C:\Windows;C:\Windows\System32\Wbem;C:\Windows\System32\WindowsPowerShell\v1.0\;C:\Program Files (x86)\NVIDIA Corporation\PhysX\Common;C:\Users\housseine\AppData\Roaming\npm;C:\Program Files\MySQL\MySQL Utilities 1.6\;C:\Program Files\ibm\gsk8\lib64;C:\Program Files (x86)\ibm\gsk8\lib;C:\Program Files\nodejs\;C:\Program Files\Microsoft SQL Server\Client SDK\ODBC\110\Tools\Binn\;C:\Program Files (x86)\Microsoft SQL Server\120\Tools\Binn\;C:\Program Files\Microsoft SQL Server\120\Tools\Binn\;C:\Program Files\Microsoft SQL Server\120\DTS\Binn\;C:\Program Files (x86)\Microsoft SQL Server\120\Tools\Binn\ManagementStudio\;C:\Program Files (x86)\Microsoft SQL Server\120\DTS\Binn\;C:\Program Files (x86)\Yarn\bin\;C:\Program Files\Microsoft VS Code\bin;C:\Program Files\Microsoft VS Code\bin;C:\Users\housseine\AppData\Roaming\npm;C:\Users\housseine\AppData\Local\Yarn\bin;C:\Program Files (x86)\Yarn\bin;C:\Users\housseine\AppData\Local\Android\sdk\platform-tools;c:\Python27\;c:\Python27\Scripts\;.]
[, , ] [,,,] - 2018-12-21 08:58:49.598  INFO 3408 --- [           main] o.a.c.c.C.[.[.[/]                        : Initializing Spring embedded WebApplicationContext
[, , ] [,,,] - 2018-12-21 08:58:49.598  INFO 3408 --- [           main] o.s.w.c.ContextLoader                    : Root WebApplicationContext: initialization completed in 1452 ms
[, , ] [,,,] - 2018-12-21 08:58:50.442  INFO 3408 --- [           main] o.s.s.c.ThreadPoolTaskExecutor           : Initializing ExecutorService 'applicationTaskExecutor'
[, , ] [,,,] - 2018-12-21 08:58:51.268  INFO 3408 --- [           main] o.a.c.h.Http11NioProtocol                : Starting ProtocolHandler ["http-nio-8080"]
[, , ] [,,,] - 2018-12-21 08:58:51.279  INFO 3408 --- [           main] o.a.t.u.n.NioSelectorPool                : Using a shared selector for servlet write/read
[, , ] [,,,] - 2018-12-21 08:58:51.293  INFO 3408 --- [           main] o.s.b.w.e.t.TomcatWebServer              : Tomcat started on port(s): 8080 (http) with context path ''
[, , ] [,,,] - 2018-12-21 08:58:51.296  INFO 3408 --- [           main] c.e.s.SleuthClientApplication            : Started SleuthClientApplication in 4.593 seconds (JVM running for 5.786)
[, , ] [,,,] - 2018-12-21 08:59:17.058  INFO 3408 --- [nio-8080-exec-1] o.a.c.c.C.[.[.[/]                        : Initializing Spring DispatcherServlet 'dispatcherServlet'
[, , ] [,,,] - 2018-12-21 08:59:17.059  INFO 3408 --- [nio-8080-exec-1] o.s.w.s.DispatcherServlet                : Initializing Servlet 'dispatcherServlet'
[, , ] [,,,] - 2018-12-21 08:59:17.073  INFO 3408 --- [nio-8080-exec-1] o.s.w.s.DispatcherServlet                : Completed initialization in 14 ms
[, , ] [114e57d821501267,114e57d821501267,,false] - 2018-12-21 08:59:17.095  INFO 3408 --- [nio-8080-exec-1] c.e.s.i.MyInterceptor                    : This is an info message
[, , ] [114e57d821501267,114e57d821501267,,false] - 2018-12-21 08:59:17.097  INFO 3408 --- [nio-8080-exec-1] c.e.s.i.MyInterceptor                    : Request URL::http://localhost:8080/hello/client/:: Start Time=2018-12-21T08:59:17.096Z
[200, , http://localhost:8080/hello/client/] [114e57d821501267,114e57d821501267,,false] - 2018-12-21 08:59:17.103  INFO 3408 --- [nio-8080-exec-1] c.e.s.c.MainController                   : before calling the server
[200, , http://localhost:8080/hello/client/] [114e57d821501267,114e57d821501267,,false] - 2018-12-21 08:59:17.156  INFO 3408 --- [nio-8080-exec-1] c.e.s.c.MainController                   : after calling the server
[200, , http://localhost:8080/hello/client/] [114e57d821501267,114e57d821501267,,false] - 2018-12-21 08:59:17.172  WARN 3408 --- [nio-8080-exec-1] c.e.s.i.MyInterceptor                    : This is a warn message
[200, , http://localhost:8080/hello/client/] [114e57d821501267,114e57d821501267,,false] - 2018-12-21 08:59:17.172 ERROR 3408 --- [nio-8080-exec-1] c.e.s.i.MyInterceptor                    : This is an error message
[200, , http://localhost:8080/hello/client/] [114e57d821501267,114e57d821501267,,false] - 2018-12-21 08:59:17.173  WARN 3408 --- [nio-8080-exec-1] c.e.s.i.MyInterceptor                    : This is a afterCompletion message
[200, 888, http://localhost:8080/hello/client/] [114e57d821501267,114e57d821501267,,false] - 2018-12-21 08:59:17.173  INFO 3408 --- [nio-8080-exec-1] c.e.s.i.MyInterceptor                    : Request URL::http://localhost:8080/hello/client/:: Time Taken=77
[, , ] [,,,] - 2018-12-21 08:59:53.623  INFO 3408 --- [on(2)-127.0.0.1] inMXBeanRegistrar$SpringApplicationAdmin : Application shutdown requested.
[, , ] [,,,] - 2018-12-21 08:59:53.629  INFO 3408 --- [on(2)-127.0.0.1] o.s.s.c.ThreadPoolTaskExecutor           : Shutting down ExecutorService 'applicationTaskExecutor'
[, , ] [,,,] - 2018-12-21 08:59:53.631  INFO 3408 --- [on(2)-127.0.0.1] o.a.c.h.Http11NioProtocol                : Pausing ProtocolHandler ["http-nio-8080"]
[, , ] [,,,] - 2018-12-21 08:59:53.784  INFO 3408 --- [on(2)-127.0.0.1] o.a.c.c.StandardService                  : Stopping service [Tomcat]
[, , ] [,,,] - 2018-12-21 08:59:53.786  INFO 3408 --- [on(2)-127.0.0.1] o.a.c.c.C.[.[.[/]                        : Destroying Spring FrameworkServlet 'dispatcherServlet'
[, , ] [,,,] - 2018-12-21 08:59:53.792  INFO 3408 --- [on(2)-127.0.0.1] o.a.c.h.Http11NioProtocol                : Stopping ProtocolHandler ["http-nio-8080"]
[, , ] [,,,] - 2018-12-21 08:59:53.796  INFO 3408 --- [on(2)-127.0.0.1] o.a.c.h.Http11NioProtocol                : Destroying ProtocolHandler ["http-nio-8080"]
[, , ] [,,,] - 2018-12-21 08:59:58.624  INFO 9428 --- [           main] trationDelegate$BeanPostProcessorChecker : Bean 'configurationPropertiesRebinderAutoConfiguration' of type [org.springframework.cloud.autoconfigure.ConfigurationPropertiesRebinderAutoConfiguration$$EnhancerBySpringCGLIB$$4aec2f74] is not eligible for getting processed by all BeanPostProcessors (for example: not eligible for auto-proxying)
[, , ] [,,,] - 2018-12-21 09:00:00.086  INFO 9428 --- [           main] c.e.s.SleuthClientApplication            : No active profile set, falling back to default profiles: default
[, , ] [,,,] - 2018-12-21 09:00:00.649  INFO 9428 --- [           main] o.s.c.c.s.GenericScope                   : BeanFactory id=917572b7-1a86-35d5-a69e-6ab2ed28bbee
[, , ] [,,,] - 2018-12-21 09:00:00.877  INFO 9428 --- [           main] trationDelegate$BeanPostProcessorChecker : Bean 'org.springframework.cloud.autoconfigure.ConfigurationPropertiesRebinderAutoConfiguration' of type [org.springframework.cloud.autoconfigure.ConfigurationPropertiesRebinderAutoConfiguration$$EnhancerBySpringCGLIB$$4aec2f74] is not eligible for getting processed by all BeanPostProcessors (for example: not eligible for auto-proxying)
[, , ] [,,,] - 2018-12-21 09:00:01.268  INFO 9428 --- [           main] o.s.b.w.e.t.TomcatWebServer              : Tomcat initialized with port(s): 8080 (http)
[, , ] [,,,] - 2018-12-21 09:00:01.288  INFO 9428 --- [           main] o.a.c.h.Http11NioProtocol                : Initializing ProtocolHandler ["http-nio-8080"]
[, , ] [,,,] - 2018-12-21 09:00:01.299  INFO 9428 --- [           main] o.a.c.c.StandardService                  : Starting service [Tomcat]
[, , ] [,,,] - 2018-12-21 09:00:01.300  INFO 9428 --- [           main] o.a.c.c.StandardEngine                   : Starting Servlet Engine: Apache Tomcat/9.0.13
[, , ] [,,,] - 2018-12-21 09:00:01.307  INFO 9428 --- [           main] o.a.c.c.AprLifecycleListener             : The APR based Apache Tomcat Native library which allows optimal performance in production environments was not found on the java.library.path: [C:\Program Files\Java\jdk1.8.0_144\bin;C:\Windows\Sun\Java\bin;C:\Windows\system32;C:\Windows;C:\Program Files (x86)\Common Files\Oracle\Java\javapath;C:\Program Files (x86)\Common Files\Intel\Shared Libraries\redist\intel64_win\compiler;C:\Program Files (x86)\Common Files\Intel\Shared Libraries\redist\intel64\compiler;C:\ProgramData\Oracle\Java\javapath;C:\Windows\system32;C:\Windows;C:\Windows\System32\Wbem;C:\Windows\System32\WindowsPowerShell\v1.0\;C:\Program Files (x86)\NVIDIA Corporation\PhysX\Common;C:\Users\housseine\AppData\Roaming\npm;C:\Program Files\MySQL\MySQL Utilities 1.6\;C:\Program Files\ibm\gsk8\lib64;C:\Program Files (x86)\ibm\gsk8\lib;C:\Program Files\nodejs\;C:\Program Files\Microsoft SQL Server\Client SDK\ODBC\110\Tools\Binn\;C:\Program Files (x86)\Microsoft SQL Server\120\Tools\Binn\;C:\Program Files\Microsoft SQL Server\120\Tools\Binn\;C:\Program Files\Microsoft SQL Server\120\DTS\Binn\;C:\Program Files (x86)\Microsoft SQL Server\120\Tools\Binn\ManagementStudio\;C:\Program Files (x86)\Microsoft SQL Server\120\DTS\Binn\;C:\Program Files (x86)\Yarn\bin\;C:\Program Files\Microsoft VS Code\bin;C:\Program Files\Microsoft VS Code\bin;C:\Users\housseine\AppData\Roaming\npm;C:\Users\housseine\AppData\Local\Yarn\bin;C:\Program Files (x86)\Yarn\bin;C:\Users\housseine\AppData\Local\Android\sdk\platform-tools;c:\Python27\;c:\Python27\Scripts\;.]
[, , ] [,,,] - 2018-12-21 09:00:01.432  INFO 9428 --- [           main] o.a.c.c.C.[.[.[/]                        : Initializing Spring embedded WebApplicationContext
[, , ] [,,,] - 2018-12-21 09:00:01.433  INFO 9428 --- [           main] o.s.w.c.ContextLoader                    : Root WebApplicationContext: initialization completed in 1336 ms
[, , ] [,,,] - 2018-12-21 09:00:02.243  INFO 9428 --- [           main] o.s.s.c.ThreadPoolTaskExecutor           : Initializing ExecutorService 'applicationTaskExecutor'
[, , ] [,,,] - 2018-12-21 09:00:03.893  INFO 9428 --- [           main] o.s.c.c.u.InetUtils                      : Cannot determine local hostname
[, , ] [,,,] - 2018-12-21 09:00:04.030  INFO 9428 --- [           main] o.a.c.h.Http11NioProtocol                : Starting ProtocolHandler ["http-nio-8080"]
[, , ] [,,,] - 2018-12-21 09:00:04.041  INFO 9428 --- [           main] o.a.t.u.n.NioSelectorPool                : Using a shared selector for servlet write/read
[, , ] [,,,] - 2018-12-21 09:00:04.056  INFO 9428 --- [           main] o.s.b.w.e.t.TomcatWebServer              : Tomcat started on port(s): 8080 (http) with context path ''
[, , ] [,,,] - 2018-12-21 09:00:04.059  INFO 9428 --- [           main] c.e.s.SleuthClientApplication            : Started SleuthClientApplication in 7.348 seconds (JVM running for 8.449)
[, , ] [,,,] - 2018-12-21 09:00:12.588  INFO 9428 --- [nio-8080-exec-1] o.a.c.c.C.[.[.[/]                        : Initializing Spring DispatcherServlet 'dispatcherServlet'
[, , ] [,,,] - 2018-12-21 09:00:12.588  INFO 9428 --- [nio-8080-exec-1] o.s.w.s.DispatcherServlet                : Initializing Servlet 'dispatcherServlet'
[, , ] [,,,] - 2018-12-21 09:00:12.604  INFO 9428 --- [nio-8080-exec-1] o.s.w.s.DispatcherServlet                : Completed initialization in 16 ms
[, , ] [0d8368d9dfd0027d,0d8368d9dfd0027d,,false] - 2018-12-21 09:00:12.626  INFO 9428 --- [nio-8080-exec-1] c.e.s.i.MyInterceptor                    : This is an info message
[, , ] [0d8368d9dfd0027d,0d8368d9dfd0027d,,false] - 2018-12-21 09:00:12.628  INFO 9428 --- [nio-8080-exec-1] c.e.s.i.MyInterceptor                    : Request URL::http://localhost:8080/hello/client/:: Start Time=2018-12-21T09:00:12.627Z
[200, , http://localhost:8080/hello/client/] [0d8368d9dfd0027d,0d8368d9dfd0027d,,false] - 2018-12-21 09:00:12.634  INFO 9428 --- [nio-8080-exec-1] c.e.s.c.MainController                   : before calling the server
[200, , http://localhost:8080/hello/client/] [0d8368d9dfd0027d,0d8368d9dfd0027d,,false] - 2018-12-21 09:00:12.679  INFO 9428 --- [nio-8080-exec-1] c.e.s.c.MainController                   : after calling the server
[200, , http://localhost:8080/hello/client/] [0d8368d9dfd0027d,0d8368d9dfd0027d,,false] - 2018-12-21 09:00:12.694  WARN 9428 --- [nio-8080-exec-1] c.e.s.i.MyInterceptor                    : This is a warn message
[200, , http://localhost:8080/hello/client/] [0d8368d9dfd0027d,0d8368d9dfd0027d,,false] - 2018-12-21 09:00:12.694 ERROR 9428 --- [nio-8080-exec-1] c.e.s.i.MyInterceptor                    : This is an error message
[200, , http://localhost:8080/hello/client/] [0d8368d9dfd0027d,0d8368d9dfd0027d,,false] - 2018-12-21 09:00:12.695  WARN 9428 --- [nio-8080-exec-1] c.e.s.i.MyInterceptor                    : This is a afterCompletion message
[200, 69, http://localhost:8080/hello/client/] [0d8368d9dfd0027d,0d8368d9dfd0027d,,false] - 2018-12-21 09:00:12.695  INFO 9428 --- [nio-8080-exec-1] c.e.s.i.MyInterceptor                    : Request URL::http://localhost:8080/hello/client/:: Time Taken=69
[, , ] [ab5d0b64e209d69f,ab5d0b64e209d69f,,false] - 2018-12-21 10:20:01.847  INFO 9428 --- [nio-8080-exec-8] c.e.s.i.MyInterceptor                    : This is an info message
[, , ] [ab5d0b64e209d69f,ab5d0b64e209d69f,,false] - 2018-12-21 10:20:01.901  INFO 9428 --- [nio-8080-exec-8] c.e.s.i.MyInterceptor                    : Request URL::http://localhost:8080/hello/client/:: Start Time=2018-12-21T10:20:01.878Z
[200, , http://localhost:8080/hello/client/] [ab5d0b64e209d69f,ab5d0b64e209d69f,,false] - 2018-12-21 10:20:01.934  INFO 9428 --- [nio-8080-exec-8] c.e.s.c.MainController                   : before calling the server
[200, , http://localhost:8080/hello/client/] [ab5d0b64e209d69f,ab5d0b64e209d69f,,false] - 2018-12-21 10:20:02.775  INFO 9428 --- [nio-8080-exec-8] c.e.s.c.MainController                   : after calling the server
[200, , http://localhost:8080/hello/client/] [ab5d0b64e209d69f,ab5d0b64e209d69f,,false] - 2018-12-21 10:20:02.879  WARN 9428 --- [nio-8080-exec-8] c.e.s.i.MyInterceptor                    : This is a warn message
[200, , http://localhost:8080/hello/client/] [ab5d0b64e209d69f,ab5d0b64e209d69f,,false] - 2018-12-21 10:20:02.880 ERROR 9428 --- [nio-8080-exec-8] c.e.s.i.MyInterceptor                    : This is an error message
[200, , http://localhost:8080/hello/client/] [ab5d0b64e209d69f,ab5d0b64e209d69f,,false] - 2018-12-21 10:20:02.880  WARN 9428 --- [nio-8080-exec-8] c.e.s.i.MyInterceptor                    : This is a afterCompletion message
[200, 1003, http://localhost:8080/hello/client/] [ab5d0b64e209d69f,ab5d0b64e209d69f,,false] - 2018-12-21 10:20:02.881  INFO 9428 --- [nio-8080-exec-8] c.e.s.i.MyInterceptor                    : Request URL::http://localhost:8080/hello/client/:: Time Taken=1003
