[,,,] - 2018-12-02 01:27:17.088  INFO ${pid} --- [           main] trationDelegate$BeanPostProcessorChecker : Bean 'configurationPropertiesRebinderAutoConfiguration' of type [org.springframework.cloud.autoconfigure.ConfigurationPropertiesRebinderAutoConfiguration$$EnhancerBySpringCGLIB$$146f690a] is not eligible for getting processed by all BeanPostProcessors (for example: not eligible for auto-proxying)
[,,,] - 2018-12-02 01:27:17.542  INFO ${pid} --- [           main] c.e.s.SleuthServerApplication            : No active profile set, falling back to default profiles: default
[,,,] - 2018-12-02 01:27:18.123  INFO ${pid} --- [           main] o.s.c.c.s.GenericScope                   : BeanFactory id=b842c528-7f33-3c7a-994c-1d23e902ab55
[,,,] - 2018-12-02 01:27:18.389  INFO ${pid} --- [           main] trationDelegate$BeanPostProcessorChecker : Bean 'org.springframework.cloud.autoconfigure.ConfigurationPropertiesRebinderAutoConfiguration' of type [org.springframework.cloud.autoconfigure.ConfigurationPropertiesRebinderAutoConfiguration$$EnhancerBySpringCGLIB$$146f690a] is not eligible for getting processed by all BeanPostProcessors (for example: not eligible for auto-proxying)
[,,,] - 2018-12-02 01:27:18.843  INFO ${pid} --- [           main] o.s.b.w.e.t.TomcatWebServer              : Tomcat initialized with port(s): 8081 (http)
[,,,] - 2018-12-02 01:27:18.858  INFO ${pid} --- [           main] o.a.c.h.Http11NioProtocol                : Initializing ProtocolHandler ["http-nio-8081"]
[,,,] - 2018-12-02 01:27:18.874  INFO ${pid} --- [           main] o.a.c.c.StandardService                  : Starting service [Tomcat]
[,,,] - 2018-12-02 01:27:18.874  INFO ${pid} --- [           main] o.a.c.c.StandardEngine                   : Starting Servlet Engine: Apache Tomcat/9.0.13
[,,,] - 2018-12-02 01:27:18.889  INFO ${pid} --- [           main] o.a.c.c.AprLifecycleListener             : The APR based Apache Tomcat Native library which allows optimal performance in production environments was not found on the java.library.path: [C:\Program Files\Java\jdk1.8.0_144\bin;C:\Windows\Sun\Java\bin;C:\Windows\system32;C:\Windows;C:\Program Files (x86)\Common Files\Oracle\Java\javapath;C:\Program Files (x86)\Common Files\Intel\Shared Libraries\redist\intel64_win\compiler;C:\Program Files (x86)\Common Files\Intel\Shared Libraries\redist\intel64\compiler;C:\ProgramData\Oracle\Java\javapath;C:\Windows\system32;C:\Windows;C:\Windows\System32\Wbem;C:\Windows\System32\WindowsPowerShell\v1.0\;C:\Program Files (x86)\NVIDIA Corporation\PhysX\Common;C:\Users\housseine\AppData\Roaming\npm;C:\Program Files\MySQL\MySQL Utilities 1.6\;C:\Program Files\ibm\gsk8\lib64;C:\Program Files (x86)\ibm\gsk8\lib;C:\Program Files\nodejs\;C:\Program Files\Microsoft SQL Server\Client SDK\ODBC\110\Tools\Binn\;C:\Program Files (x86)\Microsoft SQL Server\120\Tools\Binn\;C:\Program Files\Microsoft SQL Server\120\Tools\Binn\;C:\Program Files\Microsoft SQL Server\120\DTS\Binn\;C:\Program Files (x86)\Microsoft SQL Server\120\Tools\Binn\ManagementStudio\;C:\Program Files (x86)\Microsoft SQL Server\120\DTS\Binn\;C:\Program Files (x86)\Yarn\bin\;C:\Program Files\Microsoft VS Code\bin;C:\Program Files\Microsoft VS Code\bin;C:\Users\housseine\AppData\Roaming\npm;C:\Users\housseine\AppData\Local\Yarn\bin;C:\Program Files (x86)\Yarn\bin;C:\Users\housseine\AppData\Local\Android\sdk\platform-tools;c:\Python27\;c:\Python27\Scripts\;.]
[,,,] - 2018-12-02 01:27:19.030  INFO ${pid} --- [           main] o.a.c.c.C.[.[.[/]                        : Initializing Spring embedded WebApplicationContext
[,,,] - 2018-12-02 01:27:19.030  INFO ${pid} --- [           main] o.s.w.c.ContextLoader                    : Root WebApplicationContext: initialization completed in 1472 ms
[,,,] - 2018-12-02 01:27:19.940  INFO ${pid} --- [           main] o.s.s.c.ThreadPoolTaskExecutor           : Initializing ExecutorService 'applicationTaskExecutor'
[,,,] - 2018-12-02 01:27:20.771  INFO ${pid} --- [           main] o.a.c.h.Http11NioProtocol                : Starting ProtocolHandler ["http-nio-8081"]
[,,,] - 2018-12-02 01:27:20.771  INFO ${pid} --- [           main] o.a.t.u.n.NioSelectorPool                : Using a shared selector for servlet write/read
[,,,] - 2018-12-02 01:27:20.787  INFO ${pid} --- [           main] o.s.b.w.e.t.TomcatWebServer              : Tomcat started on port(s): 8081 (http) with context path ''
[,,,] - 2018-12-02 01:27:20.803  INFO ${pid} --- [           main] c.e.s.SleuthServerApplication            : Started SleuthServerApplication in 4.588 seconds (JVM running for 5.717)
[,,,] - 2018-12-02 01:28:18.476  INFO ${pid} --- [on(2)-127.0.0.1] inMXBeanRegistrar$SpringApplicationAdmin : Application shutdown requested.
[,,,] - 2018-12-02 01:28:18.476  INFO ${pid} --- [on(2)-127.0.0.1] o.s.s.c.ThreadPoolTaskExecutor           : Shutting down ExecutorService 'applicationTaskExecutor'
[,,,] - 2018-12-02 01:28:18.476  INFO ${pid} --- [on(2)-127.0.0.1] o.a.c.h.Http11NioProtocol                : Pausing ProtocolHandler ["http-nio-8081"]
[,,,] - 2018-12-02 01:28:18.633  INFO ${pid} --- [on(2)-127.0.0.1] o.a.c.c.StandardService                  : Stopping service [Tomcat]
[,,,] - 2018-12-02 01:28:18.633  INFO ${pid} --- [on(2)-127.0.0.1] o.a.c.h.Http11NioProtocol                : Stopping ProtocolHandler ["http-nio-8081"]
[,,,] - 2018-12-02 01:28:18.633  INFO ${pid} --- [on(2)-127.0.0.1] o.a.c.h.Http11NioProtocol                : Destroying ProtocolHandler ["http-nio-8081"]
[,,,] - 2018-12-02 01:28:22.714  INFO ${pid} --- [           main] trationDelegate$BeanPostProcessorChecker : Bean 'configurationPropertiesRebinderAutoConfiguration' of type [org.springframework.cloud.autoconfigure.ConfigurationPropertiesRebinderAutoConfiguration$$EnhancerBySpringCGLIB$$9301a975] is not eligible for getting processed by all BeanPostProcessors (for example: not eligible for auto-proxying)
[,,,] - 2018-12-02 01:28:23.170  INFO ${pid} --- [           main] c.e.s.SleuthServerApplication            : No active profile set, falling back to default profiles: default
[,,,] - 2018-12-02 01:28:23.762  INFO ${pid} --- [           main] o.s.c.c.s.GenericScope                   : BeanFactory id=b842c528-7f33-3c7a-994c-1d23e902ab55
[,,,] - 2018-12-02 01:28:23.982  INFO ${pid} --- [           main] trationDelegate$BeanPostProcessorChecker : Bean 'org.springframework.cloud.autoconfigure.ConfigurationPropertiesRebinderAutoConfiguration' of type [org.springframework.cloud.autoconfigure.ConfigurationPropertiesRebinderAutoConfiguration$$EnhancerBySpringCGLIB$$9301a975] is not eligible for getting processed by all BeanPostProcessors (for example: not eligible for auto-proxying)
[,,,] - 2018-12-02 01:28:24.357  INFO ${pid} --- [           main] o.s.b.w.e.t.TomcatWebServer              : Tomcat initialized with port(s): 8081 (http)
[,,,] - 2018-12-02 01:28:24.388  INFO ${pid} --- [           main] o.a.c.h.Http11NioProtocol                : Initializing ProtocolHandler ["http-nio-8081"]
[,,,] - 2018-12-02 01:28:24.388  INFO ${pid} --- [           main] o.a.c.c.StandardService                  : Starting service [Tomcat]
[,,,] - 2018-12-02 01:28:24.388  INFO ${pid} --- [           main] o.a.c.c.StandardEngine                   : Starting Servlet Engine: Apache Tomcat/9.0.13
[,,,] - 2018-12-02 01:28:24.404  INFO ${pid} --- [           main] o.a.c.c.AprLifecycleListener             : The APR based Apache Tomcat Native library which allows optimal performance in production environments was not found on the java.library.path: [C:\Program Files\Java\jdk1.8.0_144\bin;C:\Windows\Sun\Java\bin;C:\Windows\system32;C:\Windows;C:\Program Files (x86)\Common Files\Oracle\Java\javapath;C:\Program Files (x86)\Common Files\Intel\Shared Libraries\redist\intel64_win\compiler;C:\Program Files (x86)\Common Files\Intel\Shared Libraries\redist\intel64\compiler;C:\ProgramData\Oracle\Java\javapath;C:\Windows\system32;C:\Windows;C:\Windows\System32\Wbem;C:\Windows\System32\WindowsPowerShell\v1.0\;C:\Program Files (x86)\NVIDIA Corporation\PhysX\Common;C:\Users\housseine\AppData\Roaming\npm;C:\Program Files\MySQL\MySQL Utilities 1.6\;C:\Program Files\ibm\gsk8\lib64;C:\Program Files (x86)\ibm\gsk8\lib;C:\Program Files\nodejs\;C:\Program Files\Microsoft SQL Server\Client SDK\ODBC\110\Tools\Binn\;C:\Program Files (x86)\Microsoft SQL Server\120\Tools\Binn\;C:\Program Files\Microsoft SQL Server\120\Tools\Binn\;C:\Program Files\Microsoft SQL Server\120\DTS\Binn\;C:\Program Files (x86)\Microsoft SQL Server\120\Tools\Binn\ManagementStudio\;C:\Program Files (x86)\Microsoft SQL Server\120\DTS\Binn\;C:\Program Files (x86)\Yarn\bin\;C:\Program Files\Microsoft VS Code\bin;C:\Program Files\Microsoft VS Code\bin;C:\Users\housseine\AppData\Roaming\npm;C:\Users\housseine\AppData\Local\Yarn\bin;C:\Program Files (x86)\Yarn\bin;C:\Users\housseine\AppData\Local\Android\sdk\platform-tools;c:\Python27\;c:\Python27\Scripts\;.]
[,,,] - 2018-12-02 01:28:24.529  INFO ${pid} --- [           main] o.a.c.c.C.[.[.[/]                        : Initializing Spring embedded WebApplicationContext
[,,,] - 2018-12-02 01:28:24.529  INFO ${pid} --- [           main] o.s.w.c.ContextLoader                    : Root WebApplicationContext: initialization completed in 1344 ms
[,,,] - 2018-12-02 01:28:25.293  INFO ${pid} --- [           main] o.s.s.c.ThreadPoolTaskExecutor           : Initializing ExecutorService 'applicationTaskExecutor'
[,,,] - 2018-12-02 01:28:26.043  INFO ${pid} --- [           main] o.a.c.h.Http11NioProtocol                : Starting ProtocolHandler ["http-nio-8081"]
[,,,] - 2018-12-02 01:28:26.043  INFO ${pid} --- [           main] o.a.t.u.n.NioSelectorPool                : Using a shared selector for servlet write/read
[,,,] - 2018-12-02 01:28:26.059  INFO ${pid} --- [           main] o.s.b.w.e.t.TomcatWebServer              : Tomcat started on port(s): 8081 (http) with context path ''
[,,,] - 2018-12-02 01:28:26.059  INFO ${pid} --- [           main] c.e.s.SleuthServerApplication            : Started SleuthServerApplication in 4.361 seconds (JVM running for 5.579)
[,,,] - 2018-12-02 01:28:56.946  INFO ${pid} --- [nio-8081-exec-1] o.a.c.c.C.[.[.[/]                        : Initializing Spring DispatcherServlet 'dispatcherServlet'
[,,,] - 2018-12-02 01:28:56.946  INFO ${pid} --- [nio-8081-exec-1] o.s.w.s.DispatcherServlet                : Initializing Servlet 'dispatcherServlet'
[,,,] - 2018-12-02 01:28:56.961  INFO ${pid} --- [nio-8081-exec-1] o.s.w.s.DispatcherServlet                : Completed initialization in 15 ms
[3c16824c22750a16,31bb632b30d999d9,3c16824c22750a16,false] - 2018-12-02 01:28:56.990  INFO ${pid} --- [nio-8081-exec-1] c.e.s.c.MainController                   : reached server
[de39b6feea8222b9,6ca5ee606bef23dd,de39b6feea8222b9,false] - 2018-12-02 01:36:50.999  INFO ${pid} --- [nio-8081-exec-3] c.e.s.c.MainController                   : reached server
[,,,] - 2018-12-02 01:37:53.310  INFO ${pid} --- [on(2)-127.0.0.1] inMXBeanRegistrar$SpringApplicationAdmin : Application shutdown requested.
[,,,] - 2018-12-02 01:37:53.310  INFO ${pid} --- [on(2)-127.0.0.1] o.s.s.c.ThreadPoolTaskExecutor           : Shutting down ExecutorService 'applicationTaskExecutor'
[,,,] - 2018-12-02 01:37:53.310  INFO ${pid} --- [on(2)-127.0.0.1] o.a.c.h.Http11NioProtocol                : Pausing ProtocolHandler ["http-nio-8081"]
[,,,] - 2018-12-02 01:37:53.452  INFO ${pid} --- [on(2)-127.0.0.1] o.a.c.c.StandardService                  : Stopping service [Tomcat]
[,,,] - 2018-12-02 01:37:53.452  INFO ${pid} --- [on(2)-127.0.0.1] o.a.c.c.C.[.[.[/]                        : Destroying Spring FrameworkServlet 'dispatcherServlet'
[,,,] - 2018-12-02 01:37:53.452  INFO ${pid} --- [on(2)-127.0.0.1] o.a.c.h.Http11NioProtocol                : Stopping ProtocolHandler ["http-nio-8081"]
[,,,] - 2018-12-02 01:37:53.452  INFO ${pid} --- [on(2)-127.0.0.1] o.a.c.h.Http11NioProtocol                : Destroying ProtocolHandler ["http-nio-8081"]
[,,,] - 2018-12-02 01:37:53.452  INFO ${pid} --- [on(2)-127.0.0.1] o.a.c.c.StandardService                  : Stopping service [Tomcat]
[,,,] - 2018-12-02 01:37:53.452  INFO ${pid} --- [on(2)-127.0.0.1] o.a.c.c.C.[.[.[/]                        : Destroying Spring FrameworkServlet 'dispatcherServlet'
[,,,] - 2018-12-02 01:37:53.452  INFO ${pid} --- [on(2)-127.0.0.1] o.a.c.h.Http11NioProtocol                : Stopping ProtocolHandler ["http-nio-8081"]
[,,,] - 2018-12-02 01:37:53.452  INFO ${pid} --- [on(2)-127.0.0.1] o.a.c.h.Http11NioProtocol                : Destroying ProtocolHandler ["http-nio-8081"]
[,,,] - 2018-12-02 10:25:52.985  INFO %{pid} --- [           main] trationDelegate$BeanPostProcessorChecker : Bean 'configurationPropertiesRebinderAutoConfiguration' of type [org.springframework.cloud.autoconfigure.ConfigurationPropertiesRebinderAutoConfiguration$$EnhancerBySpringCGLIB$$790a2e7b] is not eligible for getting processed by all BeanPostProcessors (for example: not eligible for auto-proxying)
[,,,] - 2018-12-02 10:25:53.782  INFO %{pid} --- [           main] c.e.s.SleuthServerApplication            : No active profile set, falling back to default profiles: default
[,,,] - 2018-12-02 10:25:57.872  INFO %{pid} --- [           main] o.s.c.c.s.GenericScope                   : BeanFactory id=b842c528-7f33-3c7a-994c-1d23e902ab55
[,,,] - 2018-12-02 10:25:58.710  INFO %{pid} --- [           main] trationDelegate$BeanPostProcessorChecker : Bean 'org.springframework.cloud.autoconfigure.ConfigurationPropertiesRebinderAutoConfiguration' of type [org.springframework.cloud.autoconfigure.ConfigurationPropertiesRebinderAutoConfiguration$$EnhancerBySpringCGLIB$$790a2e7b] is not eligible for getting processed by all BeanPostProcessors (for example: not eligible for auto-proxying)
[,,,] - 2018-12-02 10:26:00.404  INFO %{pid} --- [           main] o.s.b.w.e.t.TomcatWebServer              : Tomcat initialized with port(s): 8081 (http)
[,,,] - 2018-12-02 10:26:00.551  INFO %{pid} --- [           main] o.a.c.h.Http11NioProtocol                : Initializing ProtocolHandler ["http-nio-8081"]
[,,,] - 2018-12-02 10:26:00.642  INFO %{pid} --- [           main] o.a.c.c.StandardService                  : Starting service [Tomcat]
[,,,] - 2018-12-02 10:26:00.643  INFO %{pid} --- [           main] o.a.c.c.StandardEngine                   : Starting Servlet Engine: Apache Tomcat/9.0.13
[,,,] - 2018-12-02 10:26:00.686  INFO %{pid} --- [           main] o.a.c.c.AprLifecycleListener             : The APR based Apache Tomcat Native library which allows optimal performance in production environments was not found on the java.library.path: [C:\Program Files\Java\jdk1.8.0_144\bin;C:\Windows\Sun\Java\bin;C:\Windows\system32;C:\Windows;C:\Program Files (x86)\Common Files\Oracle\Java\javapath;C:\Program Files (x86)\Common Files\Intel\Shared Libraries\redist\intel64_win\compiler;C:\Program Files (x86)\Common Files\Intel\Shared Libraries\redist\intel64\compiler;C:\ProgramData\Oracle\Java\javapath;C:\Windows\system32;C:\Windows;C:\Windows\System32\Wbem;C:\Windows\System32\WindowsPowerShell\v1.0\;C:\Program Files (x86)\NVIDIA Corporation\PhysX\Common;C:\Users\housseine\AppData\Roaming\npm;C:\Program Files\MySQL\MySQL Utilities 1.6\;C:\Program Files\ibm\gsk8\lib64;C:\Program Files (x86)\ibm\gsk8\lib;C:\Program Files\nodejs\;C:\Program Files\Microsoft SQL Server\Client SDK\ODBC\110\Tools\Binn\;C:\Program Files (x86)\Microsoft SQL Server\120\Tools\Binn\;C:\Program Files\Microsoft SQL Server\120\Tools\Binn\;C:\Program Files\Microsoft SQL Server\120\DTS\Binn\;C:\Program Files (x86)\Microsoft SQL Server\120\Tools\Binn\ManagementStudio\;C:\Program Files (x86)\Microsoft SQL Server\120\DTS\Binn\;C:\Program Files (x86)\Yarn\bin\;C:\Program Files\Microsoft VS Code\bin;C:\Program Files\Microsoft VS Code\bin;C:\Users\housseine\AppData\Roaming\npm;C:\Users\housseine\AppData\Local\Yarn\bin;C:\Program Files (x86)\Yarn\bin;C:\Users\housseine\AppData\Local\Android\sdk\platform-tools;c:\Python27\;c:\Python27\Scripts\;.]
[,,,] - 2018-12-02 10:26:01.177  INFO %{pid} --- [           main] o.a.c.c.C.[.[.[/]                        : Initializing Spring embedded WebApplicationContext
[,,,] - 2018-12-02 10:26:01.178  INFO %{pid} --- [           main] o.s.w.c.ContextLoader                    : Root WebApplicationContext: initialization completed in 7337 ms
[,,,] - 2018-12-02 10:26:02.810  INFO %{pid} --- [           main] o.s.s.c.ThreadPoolTaskExecutor           : Initializing ExecutorService 'applicationTaskExecutor'
[,,,] - 2018-12-02 10:26:04.272  INFO %{pid} --- [           main] o.a.c.h.Http11NioProtocol                : Starting ProtocolHandler ["http-nio-8081"]
[,,,] - 2018-12-02 10:26:04.284  INFO %{pid} --- [           main] o.a.t.u.n.NioSelectorPool                : Using a shared selector for servlet write/read
[,,,] - 2018-12-02 10:26:04.334  INFO %{pid} --- [           main] o.s.b.w.e.t.TomcatWebServer              : Tomcat started on port(s): 8081 (http) with context path ''
[,,,] - 2018-12-02 10:26:04.337  INFO %{pid} --- [           main] c.e.s.SleuthServerApplication            : Started SleuthServerApplication in 17.057 seconds (JVM running for 22.093)
[,,,] - 2018-12-02 10:26:27.567  INFO {10176} --- [           main] trationDelegate$BeanPostProcessorChecker : Bean 'configurationPropertiesRebinderAutoConfiguration' of type [org.springframework.cloud.autoconfigure.ConfigurationPropertiesRebinderAutoConfiguration$$EnhancerBySpringCGLIB$$385be6e2] is not eligible for getting processed by all BeanPostProcessors (for example: not eligible for auto-proxying)
[,,,] - 2018-12-02 10:26:28.027  INFO {10176} --- [           main] c.e.s.SleuthServerApplication            : No active profile set, falling back to default profiles: default
[,,,] - 2018-12-02 10:26:28.592  INFO {10176} --- [           main] o.s.c.c.s.GenericScope                   : BeanFactory id=b842c528-7f33-3c7a-994c-1d23e902ab55
[,,,] - 2018-12-02 10:26:28.799  INFO {10176} --- [           main] trationDelegate$BeanPostProcessorChecker : Bean 'org.springframework.cloud.autoconfigure.ConfigurationPropertiesRebinderAutoConfiguration' of type [org.springframework.cloud.autoconfigure.ConfigurationPropertiesRebinderAutoConfiguration$$EnhancerBySpringCGLIB$$385be6e2] is not eligible for getting processed by all BeanPostProcessors (for example: not eligible for auto-proxying)
[,,,] - 2018-12-02 10:26:29.185  INFO {10176} --- [           main] o.s.b.w.e.t.TomcatWebServer              : Tomcat initialized with port(s): 8081 (http)
[,,,] - 2018-12-02 10:26:29.205  INFO {10176} --- [           main] o.a.c.h.Http11NioProtocol                : Initializing ProtocolHandler ["http-nio-8081"]
[,,,] - 2018-12-02 10:26:29.216  INFO {10176} --- [           main] o.a.c.c.StandardService                  : Starting service [Tomcat]
[,,,] - 2018-12-02 10:26:29.217  INFO {10176} --- [           main] o.a.c.c.StandardEngine                   : Starting Servlet Engine: Apache Tomcat/9.0.13
[,,,] - 2018-12-02 10:26:29.224  INFO {10176} --- [           main] o.a.c.c.AprLifecycleListener             : The APR based Apache Tomcat Native library which allows optimal performance in production environments was not found on the java.library.path: [C:\Program Files\Java\jdk1.8.0_144\bin;C:\Windows\Sun\Java\bin;C:\Windows\system32;C:\Windows;C:\Program Files (x86)\Common Files\Oracle\Java\javapath;C:\Program Files (x86)\Common Files\Intel\Shared Libraries\redist\intel64_win\compiler;C:\Program Files (x86)\Common Files\Intel\Shared Libraries\redist\intel64\compiler;C:\ProgramData\Oracle\Java\javapath;C:\Windows\system32;C:\Windows;C:\Windows\System32\Wbem;C:\Windows\System32\WindowsPowerShell\v1.0\;C:\Program Files (x86)\NVIDIA Corporation\PhysX\Common;C:\Users\housseine\AppData\Roaming\npm;C:\Program Files\MySQL\MySQL Utilities 1.6\;C:\Program Files\ibm\gsk8\lib64;C:\Program Files (x86)\ibm\gsk8\lib;C:\Program Files\nodejs\;C:\Program Files\Microsoft SQL Server\Client SDK\ODBC\110\Tools\Binn\;C:\Program Files (x86)\Microsoft SQL Server\120\Tools\Binn\;C:\Program Files\Microsoft SQL Server\120\Tools\Binn\;C:\Program Files\Microsoft SQL Server\120\DTS\Binn\;C:\Program Files (x86)\Microsoft SQL Server\120\Tools\Binn\ManagementStudio\;C:\Program Files (x86)\Microsoft SQL Server\120\DTS\Binn\;C:\Program Files (x86)\Yarn\bin\;C:\Program Files\Microsoft VS Code\bin;C:\Program Files\Microsoft VS Code\bin;C:\Users\housseine\AppData\Roaming\npm;C:\Users\housseine\AppData\Local\Yarn\bin;C:\Program Files (x86)\Yarn\bin;C:\Users\housseine\AppData\Local\Android\sdk\platform-tools;c:\Python27\;c:\Python27\Scripts\;.]
[,,,] - 2018-12-02 10:26:29.341  INFO {10176} --- [           main] o.a.c.c.C.[.[.[/]                        : Initializing Spring embedded WebApplicationContext
[,,,] - 2018-12-02 10:26:29.341  INFO {10176} --- [           main] o.s.w.c.ContextLoader                    : Root WebApplicationContext: initialization completed in 1303 ms
[,,,] - 2018-12-02 10:26:30.125  INFO {10176} --- [           main] o.s.s.c.ThreadPoolTaskExecutor           : Initializing ExecutorService 'applicationTaskExecutor'
[,,,] - 2018-12-02 10:26:30.891  INFO {10176} --- [           main] o.a.c.h.Http11NioProtocol                : Starting ProtocolHandler ["http-nio-8081"]
[,,,] - 2018-12-02 10:26:30.902  INFO {10176} --- [           main] o.a.t.u.n.NioSelectorPool                : Using a shared selector for servlet write/read
[,,,] - 2018-12-02 10:26:30.903 ERROR {10176} --- [           main] o.a.c.u.LifecycleBase                    : Failed to start component [Connector[HTTP/1.1-8081]]
org.apache.catalina.LifecycleException: Protocol handler start failed
	at org.apache.catalina.connector.Connector.startInternal(Connector.java:1001)
	at org.apache.catalina.util.LifecycleBase.start(LifecycleBase.java:183)
	at org.apache.catalina.core.StandardService.addConnector(StandardService.java:225)
	at org.springframework.boot.web.embedded.tomcat.TomcatWebServer.addPreviouslyRemovedConnectors(TomcatWebServer.java:259)
	at org.springframework.boot.web.embedded.tomcat.TomcatWebServer.start(TomcatWebServer.java:197)
	at org.springframework.boot.web.servlet.context.ServletWebServerApplicationContext.startWebServer(ServletWebServerApplicationContext.java:311)
	at org.springframework.boot.web.servlet.context.ServletWebServerApplicationContext.finishRefresh(ServletWebServerApplicationContext.java:164)
	at org.springframework.context.support.AbstractApplicationContext.refresh(AbstractApplicationContext.java:549)
	at org.springframework.boot.web.servlet.context.ServletWebServerApplicationContext.refresh(ServletWebServerApplicationContext.java:142)
	at org.springframework.boot.SpringApplication.refresh(SpringApplication.java:775)
	at org.springframework.boot.SpringApplication.refreshContext(SpringApplication.java:397)
	at org.springframework.boot.SpringApplication.run(SpringApplication.java:316)
	at org.springframework.boot.SpringApplication.run(SpringApplication.java:1260)
	at org.springframework.boot.SpringApplication.run(SpringApplication.java:1248)
	at com.example.sleuthserver.SleuthServerApplication.main(SleuthServerApplication.java:10)
Caused by: java.net.BindException: Address already in use: bind
	at sun.nio.ch.Net.bind0(Native Method)
	at sun.nio.ch.Net.bind(Net.java:433)
	at sun.nio.ch.Net.bind(Net.java:425)
	at sun.nio.ch.ServerSocketChannelImpl.bind(ServerSocketChannelImpl.java:223)
	at sun.nio.ch.ServerSocketAdaptor.bind(ServerSocketAdaptor.java:74)
	at org.apache.tomcat.util.net.NioEndpoint.initServerSocket(NioEndpoint.java:236)
	at org.apache.tomcat.util.net.NioEndpoint.bind(NioEndpoint.java:210)
	at org.apache.tomcat.util.net.AbstractEndpoint.bindWithCleanup(AbstractEndpoint.java:1067)
	at org.apache.tomcat.util.net.AbstractEndpoint.start(AbstractEndpoint.java:1149)
	at org.apache.coyote.AbstractProtocol.start(AbstractProtocol.java:561)
	at org.apache.catalina.connector.Connector.startInternal(Connector.java:998)
	... 14 more
[,,,] - 2018-12-02 10:26:30.908  INFO {10176} --- [           main] o.a.c.h.Http11NioProtocol                : Pausing ProtocolHandler ["http-nio-8081"]
[,,,] - 2018-12-02 10:26:30.908  INFO {10176} --- [           main] o.a.c.c.StandardService                  : Stopping service [Tomcat]
[,,,] - 2018-12-02 10:26:30.914  INFO {10176} --- [           main] o.a.c.u.LifecycleBase                    : The stop() method was called on component [StandardServer[-1]] after stop() had already been called. The second call will be ignored.
[,,,] - 2018-12-02 10:26:30.915  INFO {10176} --- [           main] o.a.c.h.Http11NioProtocol                : Stopping ProtocolHandler ["http-nio-8081"]
[,,,] - 2018-12-02 10:26:30.915  INFO {10176} --- [           main] o.a.c.h.Http11NioProtocol                : Destroying ProtocolHandler ["http-nio-8081"]
[,,,] - 2018-12-02 10:26:30.917  INFO {10176} --- [           main] ConditionEvaluationReportLoggingListener : 

Error starting ApplicationContext. To display the conditions report re-run your application with 'debug' enabled.
[,,,] - 2018-12-02 10:26:30.922 ERROR {10176} --- [           main] o.s.b.d.LoggingFailureAnalysisReporter   : 

***************************
APPLICATION FAILED TO START
***************************

Description:

The Tomcat connector configured to listen on port 8081 failed to start. The port may already be in use or the connector may be misconfigured.

Action:

Verify the connector's configuration, identify and stop any process that's listening on port 8081, or configure this application to listen on another port.

[,,,] - 2018-12-02 10:26:30.926  INFO {10176} --- [           main] o.s.s.c.ThreadPoolTaskExecutor           : Shutting down ExecutorService 'applicationTaskExecutor'
[,,,] - 2018-12-02 10:27:02.996  INFO 5416 --- [on(2)-127.0.0.1] inMXBeanRegistrar$SpringApplicationAdmin : Application shutdown requested.
[,,,] - 2018-12-02 10:27:03.000  INFO 5416 --- [on(2)-127.0.0.1] o.s.s.c.ThreadPoolTaskExecutor           : Shutting down ExecutorService 'applicationTaskExecutor'
[,,,] - 2018-12-02 10:27:03.002  INFO 5416 --- [on(2)-127.0.0.1] o.a.c.h.Http11NioProtocol                : Pausing ProtocolHandler ["http-nio-8081"]
[,,,] - 2018-12-02 10:27:03.190  INFO 5416 --- [on(2)-127.0.0.1] o.a.c.c.StandardService                  : Stopping service [Tomcat]
[,,,] - 2018-12-02 10:27:03.203  INFO 5416 --- [on(2)-127.0.0.1] o.a.c.h.Http11NioProtocol                : Stopping ProtocolHandler ["http-nio-8081"]
[,,,] - 2018-12-02 10:27:03.207  INFO 5416 --- [on(2)-127.0.0.1] o.a.c.h.Http11NioProtocol                : Destroying ProtocolHandler ["http-nio-8081"]
[,,,] - 2018-12-02 10:27:07.270  INFO 9244 --- [           main] trationDelegate$BeanPostProcessorChecker : Bean 'configurationPropertiesRebinderAutoConfiguration' of type [org.springframework.cloud.autoconfigure.ConfigurationPropertiesRebinderAutoConfiguration$$EnhancerBySpringCGLIB$$f51faf0] is not eligible for getting processed by all BeanPostProcessors (for example: not eligible for auto-proxying)
[,,,] - 2018-12-02 10:27:07.967  INFO 9244 --- [           main] c.e.s.SleuthServerApplication            : No active profile set, falling back to default profiles: default
[,,,] - 2018-12-02 10:27:08.531  INFO 9244 --- [           main] o.s.c.c.s.GenericScope                   : BeanFactory id=b842c528-7f33-3c7a-994c-1d23e902ab55
[,,,] - 2018-12-02 10:27:08.746  INFO 9244 --- [           main] trationDelegate$BeanPostProcessorChecker : Bean 'org.springframework.cloud.autoconfigure.ConfigurationPropertiesRebinderAutoConfiguration' of type [org.springframework.cloud.autoconfigure.ConfigurationPropertiesRebinderAutoConfiguration$$EnhancerBySpringCGLIB$$f51faf0] is not eligible for getting processed by all BeanPostProcessors (for example: not eligible for auto-proxying)
[,,,] - 2018-12-02 10:27:09.189  INFO 9244 --- [           main] o.s.b.w.e.t.TomcatWebServer              : Tomcat initialized with port(s): 8081 (http)
[,,,] - 2018-12-02 10:27:09.213  INFO 9244 --- [           main] o.a.c.h.Http11NioProtocol                : Initializing ProtocolHandler ["http-nio-8081"]
[,,,] - 2018-12-02 10:27:09.229  INFO 9244 --- [           main] o.a.c.c.StandardService                  : Starting service [Tomcat]
[,,,] - 2018-12-02 10:27:09.230  INFO 9244 --- [           main] o.a.c.c.StandardEngine                   : Starting Servlet Engine: Apache Tomcat/9.0.13
[,,,] - 2018-12-02 10:27:09.237  INFO 9244 --- [           main] o.a.c.c.AprLifecycleListener             : The APR based Apache Tomcat Native library which allows optimal performance in production environments was not found on the java.library.path: [C:\Program Files\Java\jdk1.8.0_144\bin;C:\Windows\Sun\Java\bin;C:\Windows\system32;C:\Windows;C:\Program Files (x86)\Common Files\Oracle\Java\javapath;C:\Program Files (x86)\Common Files\Intel\Shared Libraries\redist\intel64_win\compiler;C:\Program Files (x86)\Common Files\Intel\Shared Libraries\redist\intel64\compiler;C:\ProgramData\Oracle\Java\javapath;C:\Windows\system32;C:\Windows;C:\Windows\System32\Wbem;C:\Windows\System32\WindowsPowerShell\v1.0\;C:\Program Files (x86)\NVIDIA Corporation\PhysX\Common;C:\Users\housseine\AppData\Roaming\npm;C:\Program Files\MySQL\MySQL Utilities 1.6\;C:\Program Files\ibm\gsk8\lib64;C:\Program Files (x86)\ibm\gsk8\lib;C:\Program Files\nodejs\;C:\Program Files\Microsoft SQL Server\Client SDK\ODBC\110\Tools\Binn\;C:\Program Files (x86)\Microsoft SQL Server\120\Tools\Binn\;C:\Program Files\Microsoft SQL Server\120\Tools\Binn\;C:\Program Files\Microsoft SQL Server\120\DTS\Binn\;C:\Program Files (x86)\Microsoft SQL Server\120\Tools\Binn\ManagementStudio\;C:\Program Files (x86)\Microsoft SQL Server\120\DTS\Binn\;C:\Program Files (x86)\Yarn\bin\;C:\Program Files\Microsoft VS Code\bin;C:\Program Files\Microsoft VS Code\bin;C:\Users\housseine\AppData\Roaming\npm;C:\Users\housseine\AppData\Local\Yarn\bin;C:\Program Files (x86)\Yarn\bin;C:\Users\housseine\AppData\Local\Android\sdk\platform-tools;c:\Python27\;c:\Python27\Scripts\;.]
[,,,] - 2018-12-02 10:27:09.366  INFO 9244 --- [           main] o.a.c.c.C.[.[.[/]                        : Initializing Spring embedded WebApplicationContext
[,,,] - 2018-12-02 10:27:09.366  INFO 9244 --- [           main] o.s.w.c.ContextLoader                    : Root WebApplicationContext: initialization completed in 1388 ms
[,,,] - 2018-12-02 10:27:10.177  INFO 9244 --- [           main] o.s.s.c.ThreadPoolTaskExecutor           : Initializing ExecutorService 'applicationTaskExecutor'
[,,,] - 2018-12-02 10:27:11.124  INFO 9244 --- [           main] o.a.c.h.Http11NioProtocol                : Starting ProtocolHandler ["http-nio-8081"]
[,,,] - 2018-12-02 10:27:11.138  INFO 9244 --- [           main] o.a.t.u.n.NioSelectorPool                : Using a shared selector for servlet write/read
[,,,] - 2018-12-02 10:27:11.152  INFO 9244 --- [           main] o.s.b.w.e.t.TomcatWebServer              : Tomcat started on port(s): 8081 (http) with context path ''
[,,,] - 2018-12-02 10:27:11.155  INFO 9244 --- [           main] c.e.s.SleuthServerApplication            : Started SleuthServerApplication in 4.836 seconds (JVM running for 6.026)
[,,,] - 2018-12-02 10:28:56.114  INFO 9244 --- [nio-8081-exec-1] o.a.c.c.C.[.[.[/]                        : Initializing Spring DispatcherServlet 'dispatcherServlet'
[,,,] - 2018-12-02 10:28:56.114  INFO 9244 --- [nio-8081-exec-1] o.s.w.s.DispatcherServlet                : Initializing Servlet 'dispatcherServlet'
[,,,] - 2018-12-02 10:28:56.131  INFO 9244 --- [nio-8081-exec-1] o.s.w.s.DispatcherServlet                : Completed initialization in 17 ms
[53d6ddeee20ae3a1,220425625a9c673e,53d6ddeee20ae3a1,false] - 2018-12-02 10:28:56.172  INFO 9244 --- [nio-8081-exec-1] c.e.s.c.MainController                   : reached server
[,,,] - 2018-12-02 12:01:06.370  INFO 9244 --- [on(2)-127.0.0.1] inMXBeanRegistrar$SpringApplicationAdmin : Application shutdown requested.
[,,,] - 2018-12-02 12:01:11.129  INFO 9244 --- [on(2)-127.0.0.1] o.s.s.c.ThreadPoolTaskExecutor           : Shutting down ExecutorService 'applicationTaskExecutor'
[,,,] - 2018-12-02 12:01:11.848  INFO 9244 --- [on(2)-127.0.0.1] o.a.c.h.Http11NioProtocol                : Pausing ProtocolHandler ["http-nio-8081"]
[,,,] - 2018-12-02 12:01:12.364  INFO 9244 --- [on(2)-127.0.0.1] o.a.c.c.StandardService                  : Stopping service [Tomcat]
[,,,] - 2018-12-02 12:01:12.725  INFO 9244 --- [on(2)-127.0.0.1] o.a.c.c.C.[.[.[/]                        : Destroying Spring FrameworkServlet 'dispatcherServlet'
[,,,] - 2018-12-02 12:01:13.255  INFO 9244 --- [on(2)-127.0.0.1] o.a.c.h.Http11NioProtocol                : Stopping ProtocolHandler ["http-nio-8081"]
[,,,] - 2018-12-02 12:01:13.881  INFO 9244 --- [on(2)-127.0.0.1] o.a.c.h.Http11NioProtocol                : Destroying ProtocolHandler ["http-nio-8081"]
