[,,,] - 2018-12-21 08:44:53.436  INFO 4612 --- [           main] trationDelegate$BeanPostProcessorChecker : Bean 'configurationPropertiesRebinderAutoConfiguration' of type [org.springframework.cloud.autoconfigure.ConfigurationPropertiesRebinderAutoConfiguration$$EnhancerBySpringCGLIB$$5a933812] is not eligible for getting processed by all BeanPostProcessors (for example: not eligible for auto-proxying)
[,,,] - 2018-12-21 08:44:53.928  INFO 4612 --- [           main] c.e.s.SleuthServerApplication            : No active profile set, falling back to default profiles: default
[,,,] - 2018-12-21 08:44:54.564  INFO 4612 --- [           main] o.s.c.c.s.GenericScope                   : BeanFactory id=b842c528-7f33-3c7a-994c-1d23e902ab55
[,,,] - 2018-12-21 08:44:54.801  INFO 4612 --- [           main] trationDelegate$BeanPostProcessorChecker : Bean 'org.springframework.cloud.autoconfigure.ConfigurationPropertiesRebinderAutoConfiguration' of type [org.springframework.cloud.autoconfigure.ConfigurationPropertiesRebinderAutoConfiguration$$EnhancerBySpringCGLIB$$5a933812] is not eligible for getting processed by all BeanPostProcessors (for example: not eligible for auto-proxying)
[,,,] - 2018-12-21 08:44:55.191  INFO 4612 --- [           main] o.s.b.w.e.t.TomcatWebServer              : Tomcat initialized with port(s): 8081 (http)
[,,,] - 2018-12-21 08:44:55.213  INFO 4612 --- [           main] o.a.c.h.Http11NioProtocol                : Initializing ProtocolHandler ["http-nio-8081"]
[,,,] - 2018-12-21 08:44:55.224  INFO 4612 --- [           main] o.a.c.c.StandardService                  : Starting service [Tomcat]
[,,,] - 2018-12-21 08:44:55.225  INFO 4612 --- [           main] o.a.c.c.StandardEngine                   : Starting Servlet Engine: Apache Tomcat/9.0.13
[,,,] - 2018-12-21 08:44:55.232  INFO 4612 --- [           main] o.a.c.c.AprLifecycleListener             : The APR based Apache Tomcat Native library which allows optimal performance in production environments was not found on the java.library.path: [C:\Program Files\Java\jdk1.8.0_144\bin;C:\Windows\Sun\Java\bin;C:\Windows\system32;C:\Windows;C:\Program Files (x86)\Common Files\Oracle\Java\javapath;C:\Program Files (x86)\Common Files\Intel\Shared Libraries\redist\intel64_win\compiler;C:\Program Files (x86)\Common Files\Intel\Shared Libraries\redist\intel64\compiler;C:\ProgramData\Oracle\Java\javapath;C:\Windows\system32;C:\Windows;C:\Windows\System32\Wbem;C:\Windows\System32\WindowsPowerShell\v1.0\;C:\Program Files (x86)\NVIDIA Corporation\PhysX\Common;C:\Users\housseine\AppData\Roaming\npm;C:\Program Files\MySQL\MySQL Utilities 1.6\;C:\Program Files\ibm\gsk8\lib64;C:\Program Files (x86)\ibm\gsk8\lib;C:\Program Files\nodejs\;C:\Program Files\Microsoft SQL Server\Client SDK\ODBC\110\Tools\Binn\;C:\Program Files (x86)\Microsoft SQL Server\120\Tools\Binn\;C:\Program Files\Microsoft SQL Server\120\Tools\Binn\;C:\Program Files\Microsoft SQL Server\120\DTS\Binn\;C:\Program Files (x86)\Microsoft SQL Server\120\Tools\Binn\ManagementStudio\;C:\Program Files (x86)\Microsoft SQL Server\120\DTS\Binn\;C:\Program Files (x86)\Yarn\bin\;C:\Program Files\Microsoft VS Code\bin;C:\Program Files\Microsoft VS Code\bin;C:\Users\housseine\AppData\Roaming\npm;C:\Users\housseine\AppData\Local\Yarn\bin;C:\Program Files (x86)\Yarn\bin;C:\Users\housseine\AppData\Local\Android\sdk\platform-tools;c:\Python27\;c:\Python27\Scripts\;.]
[,,,] - 2018-12-21 08:44:55.356  INFO 4612 --- [           main] o.a.c.c.C.[.[.[/]                        : Initializing Spring embedded WebApplicationContext
[,,,] - 2018-12-21 08:44:55.356  INFO 4612 --- [           main] o.s.w.c.ContextLoader                    : Root WebApplicationContext: initialization completed in 1416 ms
[,,,] - 2018-12-21 08:44:56.155  INFO 4612 --- [           main] o.s.s.c.ThreadPoolTaskExecutor           : Initializing ExecutorService 'applicationTaskExecutor'
[,,,] - 2018-12-21 08:44:56.946  INFO 4612 --- [           main] o.a.c.h.Http11NioProtocol                : Starting ProtocolHandler ["http-nio-8081"]
[,,,] - 2018-12-21 08:44:56.957  INFO 4612 --- [           main] o.a.t.u.n.NioSelectorPool                : Using a shared selector for servlet write/read
[,,,] - 2018-12-21 08:44:56.971  INFO 4612 --- [           main] o.s.b.w.e.t.TomcatWebServer              : Tomcat started on port(s): 8081 (http) with context path ''
[,,,] - 2018-12-21 08:44:56.974  INFO 4612 --- [           main] c.e.s.SleuthServerApplication            : Started SleuthServerApplication in 4.463 seconds (JVM running for 5.625)
[,,,] - 2018-12-21 08:45:24.249  INFO 4612 --- [nio-8081-exec-1] o.a.c.c.C.[.[.[/]                        : Initializing Spring DispatcherServlet 'dispatcherServlet'
[,,,] - 2018-12-21 08:45:24.249  INFO 4612 --- [nio-8081-exec-1] o.s.w.s.DispatcherServlet                : Initializing Servlet 'dispatcherServlet'
[,,,] - 2018-12-21 08:45:24.262  INFO 4612 --- [nio-8081-exec-1] o.s.w.s.DispatcherServlet                : Completed initialization in 12 ms
[57008f6a1972cb82,2101a7460432f589,57008f6a1972cb82,false] - 2018-12-21 08:45:24.287  INFO 4612 --- [nio-8081-exec-1] c.e.s.c.MainController                   : reached server
[1ca07c097d6c4967,743be77c0d838574,1ca07c097d6c4967,false] - 2018-12-21 08:55:49.617  INFO 4612 --- [nio-8081-exec-3] c.e.s.c.MainController                   : reached server
[7d9776f85162e716,4baea67dc8545e65,7d9776f85162e716,false] - 2018-12-21 08:57:42.232  INFO 4612 --- [nio-8081-exec-5] c.e.s.c.MainController                   : reached server
[114e57d821501267,af1771b25b200eac,114e57d821501267,false] - 2018-12-21 08:59:17.145  INFO 4612 --- [nio-8081-exec-7] c.e.s.c.MainController                   : reached server
[0d8368d9dfd0027d,a032f32d6c987401,0d8368d9dfd0027d,false] - 2018-12-21 09:00:12.672  INFO 4612 --- [nio-8081-exec-9] c.e.s.c.MainController                   : reached server
[ab5d0b64e209d69f,c246d9a756a05d88,ab5d0b64e209d69f,false] - 2018-12-21 10:20:02.533  INFO 4612 --- [nio-8081-exec-1] c.e.s.c.MainController                   : reached server
